Vivado Simulator v2025.2
Copyright 1986-2022 Xilinx, Inc. All Rights Reserved.
Copyright 2022-2025 Advanced Micro Devices, Inc. All Rights Reserved.
Running: D:/AMDDesignTools/2025.2/Vivado/bin/unwrapped/win64.o/xelab.exe --incr --debug typical --relax --mt 2 -L xil_defaultlib -L uvm -L unisims_ver -L unimacro_ver -L secureip -L xpm --snapshot top_level_behav xil_defaultlib.top_level xil_defaultlib.glbl -log elaborate.log 
Using 2 slave threads.
Starting static elaboration
Pass Through NonSizing Optimizer
WARNING: [VRFC 10-3091] actual bit length 24 differs from formal bit length 22 for port 'PERIPH_ADDR_OUT' [C:/Users/boyso/git/saniccpu/vivado/vivado.srcs/sources_1/new/top_level.sv:33]
WARNING: [VRFC 10-3091] actual bit length 32 differs from formal bit length 1 for port 'reset' [C:/Users/boyso/git/saniccpu/vivado/vivado.srcs/sources_1/new/processor_core.sv:54]
WARNING: [VRFC 10-3091] actual bit length 32 differs from formal bit length 1 for port 'invert_2' [C:/Users/boyso/git/saniccpu/vivado/vivado.srcs/sources_1/new/ALU.sv:40]
WARNING: [VRFC 10-3091] actual bit length 32 differs from formal bit length 1 for port 'Carry_in' [C:/Users/boyso/git/saniccpu/vivado/vivado.srcs/sources_1/new/ALU.sv:41]
WARNING: [VRFC 10-3091] actual bit length 32 differs from formal bit length 1 for port 'invert_2' [C:/Users/boyso/git/saniccpu/vivado/vivado.srcs/sources_1/new/ALU.sv:48]
WARNING: [VRFC 10-3091] actual bit length 32 differs from formal bit length 1 for port 'Carry_in' [C:/Users/boyso/git/saniccpu/vivado/vivado.srcs/sources_1/new/ALU.sv:49]
WARNING: [VRFC 10-3091] actual bit length 32 differs from formal bit length 1 for port 'reset' [C:/Users/boyso/git/saniccpu/vivado/vivado.srcs/sources_1/new/processor_core.sv:61]
WARNING: [VRFC 10-3091] actual bit length 32 differs from formal bit length 1 for port 'reset' [C:/Users/boyso/git/saniccpu/vivado/vivado.srcs/sources_1/new/processor_core.sv:68]
WARNING: [VRFC 10-3091] actual bit length 32 differs from formal bit length 1 for port 'reset' [C:/Users/boyso/git/saniccpu/vivado/vivado.srcs/sources_1/new/processor_core.sv:75]
WARNING: [VRFC 10-3091] actual bit length 32 differs from formal bit length 1 for port 'reset' [C:/Users/boyso/git/saniccpu/vivado/vivado.srcs/sources_1/new/processor_core.sv:96]
WARNING: [VRFC 10-3705] select index 66 into 'ROM' is out of bounds [C:/Users/boyso/git/saniccpu/vivado/vivado.srcs/sources_1/new/control_unit.sv:62]
WARNING: [VRFC 10-3705] select index 194 into 'ROM' is out of bounds [C:/Users/boyso/git/saniccpu/vivado/vivado.srcs/sources_1/new/control_unit.sv:63]
WARNING: [VRFC 10-3705] select index 67 into 'ROM' is out of bounds [C:/Users/boyso/git/saniccpu/vivado/vivado.srcs/sources_1/new/control_unit.sv:64]
WARNING: [VRFC 10-3705] select index 195 into 'ROM' is out of bounds [C:/Users/boyso/git/saniccpu/vivado/vivado.srcs/sources_1/new/control_unit.sv:65]
WARNING: [VRFC 10-3705] select index 68 into 'ROM' is out of bounds [C:/Users/boyso/git/saniccpu/vivado/vivado.srcs/sources_1/new/control_unit.sv:66]
WARNING: [VRFC 10-3705] select index 196 into 'ROM' is out of bounds [C:/Users/boyso/git/saniccpu/vivado/vivado.srcs/sources_1/new/control_unit.sv:67]
WARNING: [VRFC 10-3705] select index 69 into 'ROM' is out of bounds [C:/Users/boyso/git/saniccpu/vivado/vivado.srcs/sources_1/new/control_unit.sv:68]
WARNING: [VRFC 10-3705] select index 197 into 'ROM' is out of bounds [C:/Users/boyso/git/saniccpu/vivado/vivado.srcs/sources_1/new/control_unit.sv:69]
WARNING: [VRFC 10-3705] select index 70 into 'ROM' is out of bounds [C:/Users/boyso/git/saniccpu/vivado/vivado.srcs/sources_1/new/control_unit.sv:70]
WARNING: [VRFC 10-3705] select index 198 into 'ROM' is out of bounds [C:/Users/boyso/git/saniccpu/vivado/vivado.srcs/sources_1/new/control_unit.sv:71]
WARNING: [VRFC 10-3705] select index 80 into 'ROM' is out of bounds [C:/Users/boyso/git/saniccpu/vivado/vivado.srcs/sources_1/new/control_unit.sv:72]
WARNING: [VRFC 10-3705] select index 208 into 'ROM' is out of bounds [C:/Users/boyso/git/saniccpu/vivado/vivado.srcs/sources_1/new/control_unit.sv:73]
WARNING: [VRFC 10-3705] select index 81 into 'ROM' is out of bounds [C:/Users/boyso/git/saniccpu/vivado/vivado.srcs/sources_1/new/control_unit.sv:74]
WARNING: [VRFC 10-3705] select index 209 into 'ROM' is out of bounds [C:/Users/boyso/git/saniccpu/vivado/vivado.srcs/sources_1/new/control_unit.sv:75]
WARNING: [VRFC 10-3705] select index 82 into 'ROM' is out of bounds [C:/Users/boyso/git/saniccpu/vivado/vivado.srcs/sources_1/new/control_unit.sv:76]
WARNING: [VRFC 10-3705] select index 210 into 'ROM' is out of bounds [C:/Users/boyso/git/saniccpu/vivado/vivado.srcs/sources_1/new/control_unit.sv:77]
WARNING: [VRFC 10-3705] select index 83 into 'ROM' is out of bounds [C:/Users/boyso/git/saniccpu/vivado/vivado.srcs/sources_1/new/control_unit.sv:78]
WARNING: [VRFC 10-3705] select index 211 into 'ROM' is out of bounds [C:/Users/boyso/git/saniccpu/vivado/vivado.srcs/sources_1/new/control_unit.sv:79]
WARNING: [VRFC 10-3705] select index 84 into 'ROM' is out of bounds [C:/Users/boyso/git/saniccpu/vivado/vivado.srcs/sources_1/new/control_unit.sv:80]
WARNING: [VRFC 10-3705] select index 212 into 'ROM' is out of bounds [C:/Users/boyso/git/saniccpu/vivado/vivado.srcs/sources_1/new/control_unit.sv:81]
WARNING: [VRFC 10-3705] select index 85 into 'ROM' is out of bounds [C:/Users/boyso/git/saniccpu/vivado/vivado.srcs/sources_1/new/control_unit.sv:82]
WARNING: [VRFC 10-3705] select index 213 into 'ROM' is out of bounds [C:/Users/boyso/git/saniccpu/vivado/vivado.srcs/sources_1/new/control_unit.sv:83]
WARNING: [VRFC 10-3705] select index 86 into 'ROM' is out of bounds [C:/Users/boyso/git/saniccpu/vivado/vivado.srcs/sources_1/new/control_unit.sv:84]
WARNING: [VRFC 10-3705] select index 214 into 'ROM' is out of bounds [C:/Users/boyso/git/saniccpu/vivado/vivado.srcs/sources_1/new/control_unit.sv:85]
WARNING: [VRFC 10-3705] select index 101 into 'ROM' is out of bounds [C:/Users/boyso/git/saniccpu/vivado/vivado.srcs/sources_1/new/control_unit.sv:86]
WARNING: [VRFC 10-3705] select index 229 into 'ROM' is out of bounds [C:/Users/boyso/git/saniccpu/vivado/vivado.srcs/sources_1/new/control_unit.sv:87]
WARNING: [VRFC 10-3705] select index 32 into 'ROM' is out of bounds [C:/Users/boyso/git/saniccpu/vivado/vivado.srcs/sources_1/new/control_unit.sv:88]
WARNING: [VRFC 10-3705] select index 160 into 'ROM' is out of bounds [C:/Users/boyso/git/saniccpu/vivado/vivado.srcs/sources_1/new/control_unit.sv:89]
WARNING: [VRFC 10-3705] select index 33 into 'ROM' is out of bounds [C:/Users/boyso/git/saniccpu/vivado/vivado.srcs/sources_1/new/control_unit.sv:90]
WARNING: [VRFC 10-3705] select index 161 into 'ROM' is out of bounds [C:/Users/boyso/git/saniccpu/vivado/vivado.srcs/sources_1/new/control_unit.sv:91]
WARNING: [VRFC 10-3705] select index 34 into 'ROM' is out of bounds [C:/Users/boyso/git/saniccpu/vivado/vivado.srcs/sources_1/new/control_unit.sv:92]
WARNING: [VRFC 10-3705] select index 162 into 'ROM' is out of bounds [C:/Users/boyso/git/saniccpu/vivado/vivado.srcs/sources_1/new/control_unit.sv:93]
WARNING: [VRFC 10-3705] select index 35 into 'ROM' is out of bounds [C:/Users/boyso/git/saniccpu/vivado/vivado.srcs/sources_1/new/control_unit.sv:94]
WARNING: [VRFC 10-3705] select index 163 into 'ROM' is out of bounds [C:/Users/boyso/git/saniccpu/vivado/vivado.srcs/sources_1/new/control_unit.sv:95]
WARNING: [VRFC 10-3705] select index 36 into 'ROM' is out of bounds [C:/Users/boyso/git/saniccpu/vivado/vivado.srcs/sources_1/new/control_unit.sv:96]
WARNING: [VRFC 10-3705] select index 164 into 'ROM' is out of bounds [C:/Users/boyso/git/saniccpu/vivado/vivado.srcs/sources_1/new/control_unit.sv:97]
WARNING: [VRFC 10-3705] select index 37 into 'ROM' is out of bounds [C:/Users/boyso/git/saniccpu/vivado/vivado.srcs/sources_1/new/control_unit.sv:98]
WARNING: [VRFC 10-3705] select index 165 into 'ROM' is out of bounds [C:/Users/boyso/git/saniccpu/vivado/vivado.srcs/sources_1/new/control_unit.sv:99]
WARNING: [VRFC 10-3705] select index 38 into 'ROM' is out of bounds [C:/Users/boyso/git/saniccpu/vivado/vivado.srcs/sources_1/new/control_unit.sv:100]
WARNING: [VRFC 10-3705] select index 166 into 'ROM' is out of bounds [C:/Users/boyso/git/saniccpu/vivado/vivado.srcs/sources_1/new/control_unit.sv:101]
WARNING: [VRFC 10-3705] select index 39 into 'ROM' is out of bounds [C:/Users/boyso/git/saniccpu/vivado/vivado.srcs/sources_1/new/control_unit.sv:102]
WARNING: [VRFC 10-3705] select index 167 into 'ROM' is out of bounds [C:/Users/boyso/git/saniccpu/vivado/vivado.srcs/sources_1/new/control_unit.sv:103]
WARNING: [VRFC 10-3705] select index 40 into 'ROM' is out of bounds [C:/Users/boyso/git/saniccpu/vivado/vivado.srcs/sources_1/new/control_unit.sv:104]
WARNING: [VRFC 10-3705] select index 168 into 'ROM' is out of bounds [C:/Users/boyso/git/saniccpu/vivado/vivado.srcs/sources_1/new/control_unit.sv:105]
WARNING: [VRFC 10-3705] select index 41 into 'ROM' is out of bounds [C:/Users/boyso/git/saniccpu/vivado/vivado.srcs/sources_1/new/control_unit.sv:106]
WARNING: [VRFC 10-3705] select index 169 into 'ROM' is out of bounds [C:/Users/boyso/git/saniccpu/vivado/vivado.srcs/sources_1/new/control_unit.sv:107]
WARNING: [VRFC 10-3705] select index 42 into 'ROM' is out of bounds [C:/Users/boyso/git/saniccpu/vivado/vivado.srcs/sources_1/new/control_unit.sv:108]
WARNING: [VRFC 10-3705] select index 170 into 'ROM' is out of bounds [C:/Users/boyso/git/saniccpu/vivado/vivado.srcs/sources_1/new/control_unit.sv:109]
WARNING: [VRFC 10-3705] select index 48 into 'ROM' is out of bounds [C:/Users/boyso/git/saniccpu/vivado/vivado.srcs/sources_1/new/control_unit.sv:110]
WARNING: [VRFC 10-3705] select index 176 into 'ROM' is out of bounds [C:/Users/boyso/git/saniccpu/vivado/vivado.srcs/sources_1/new/control_unit.sv:111]
WARNING: [VRFC 10-3705] select index 49 into 'ROM' is out of bounds [C:/Users/boyso/git/saniccpu/vivado/vivado.srcs/sources_1/new/control_unit.sv:112]
WARNING: [VRFC 10-3705] select index 177 into 'ROM' is out of bounds [C:/Users/boyso/git/saniccpu/vivado/vivado.srcs/sources_1/new/control_unit.sv:113]
WARNING: [VRFC 10-3705] select index 50 into 'ROM' is out of bounds [C:/Users/boyso/git/saniccpu/vivado/vivado.srcs/sources_1/new/control_unit.sv:114]
WARNING: [VRFC 10-3705] select index 178 into 'ROM' is out of bounds [C:/Users/boyso/git/saniccpu/vivado/vivado.srcs/sources_1/new/control_unit.sv:115]
WARNING: [VRFC 10-3705] select index 51 into 'ROM' is out of bounds [C:/Users/boyso/git/saniccpu/vivado/vivado.srcs/sources_1/new/control_unit.sv:116]
WARNING: [VRFC 10-3705] select index 179 into 'ROM' is out of bounds [C:/Users/boyso/git/saniccpu/vivado/vivado.srcs/sources_1/new/control_unit.sv:117]
WARNING: [VRFC 10-3705] select index 52 into 'ROM' is out of bounds [C:/Users/boyso/git/saniccpu/vivado/vivado.srcs/sources_1/new/control_unit.sv:118]
WARNING: [VRFC 10-3705] select index 180 into 'ROM' is out of bounds [C:/Users/boyso/git/saniccpu/vivado/vivado.srcs/sources_1/new/control_unit.sv:119]
WARNING: [VRFC 10-3705] select index 53 into 'ROM' is out of bounds [C:/Users/boyso/git/saniccpu/vivado/vivado.srcs/sources_1/new/control_unit.sv:120]
WARNING: [VRFC 10-3705] select index 181 into 'ROM' is out of bounds [C:/Users/boyso/git/saniccpu/vivado/vivado.srcs/sources_1/new/control_unit.sv:121]
WARNING: [VRFC 10-3705] select index 54 into 'ROM' is out of bounds [C:/Users/boyso/git/saniccpu/vivado/vivado.srcs/sources_1/new/control_unit.sv:122]
WARNING: [VRFC 10-3705] select index 182 into 'ROM' is out of bounds [C:/Users/boyso/git/saniccpu/vivado/vivado.srcs/sources_1/new/control_unit.sv:123]
WARNING: [VRFC 10-3705] select index 55 into 'ROM' is out of bounds [C:/Users/boyso/git/saniccpu/vivado/vivado.srcs/sources_1/new/control_unit.sv:124]
WARNING: [VRFC 10-3705] select index 183 into 'ROM' is out of bounds [C:/Users/boyso/git/saniccpu/vivado/vivado.srcs/sources_1/new/control_unit.sv:125]
WARNING: [VRFC 10-3705] select index 56 into 'ROM' is out of bounds [C:/Users/boyso/git/saniccpu/vivado/vivado.srcs/sources_1/new/control_unit.sv:126]
WARNING: [VRFC 10-3705] select index 184 into 'ROM' is out of bounds [C:/Users/boyso/git/saniccpu/vivado/vivado.srcs/sources_1/new/control_unit.sv:127]
WARNING: [VRFC 10-3705] select index 57 into 'ROM' is out of bounds [C:/Users/boyso/git/saniccpu/vivado/vivado.srcs/sources_1/new/control_unit.sv:128]
WARNING: [VRFC 10-3705] select index 185 into 'ROM' is out of bounds [C:/Users/boyso/git/saniccpu/vivado/vivado.srcs/sources_1/new/control_unit.sv:129]
WARNING: [VRFC 10-3705] select index 58 into 'ROM' is out of bounds [C:/Users/boyso/git/saniccpu/vivado/vivado.srcs/sources_1/new/control_unit.sv:130]
WARNING: [VRFC 10-3705] select index 186 into 'ROM' is out of bounds [C:/Users/boyso/git/saniccpu/vivado/vivado.srcs/sources_1/new/control_unit.sv:131]
WARNING: [VRFC 10-3705] select index 96 into 'ROM' is out of bounds [C:/Users/boyso/git/saniccpu/vivado/vivado.srcs/sources_1/new/control_unit.sv:132]
WARNING: [VRFC 10-3705] select index 224 into 'ROM' is out of bounds [C:/Users/boyso/git/saniccpu/vivado/vivado.srcs/sources_1/new/control_unit.sv:133]
WARNING: [VRFC 10-3705] select index 352 into 'ROM' is out of bounds [C:/Users/boyso/git/saniccpu/vivado/vivado.srcs/sources_1/new/control_unit.sv:134]
WARNING: [VRFC 10-3705] select index 97 into 'ROM' is out of bounds [C:/Users/boyso/git/saniccpu/vivado/vivado.srcs/sources_1/new/control_unit.sv:135]
WARNING: [VRFC 10-3705] select index 225 into 'ROM' is out of bounds [C:/Users/boyso/git/saniccpu/vivado/vivado.srcs/sources_1/new/control_unit.sv:136]
WARNING: [VRFC 10-3705] select index 353 into 'ROM' is out of bounds [C:/Users/boyso/git/saniccpu/vivado/vivado.srcs/sources_1/new/control_unit.sv:137]
WARNING: [VRFC 10-3705] select index 99 into 'ROM' is out of bounds [C:/Users/boyso/git/saniccpu/vivado/vivado.srcs/sources_1/new/control_unit.sv:138]
WARNING: [VRFC 10-3705] select index 227 into 'ROM' is out of bounds [C:/Users/boyso/git/saniccpu/vivado/vivado.srcs/sources_1/new/control_unit.sv:139]
WARNING: [VRFC 10-3705] select index 100 into 'ROM' is out of bounds [C:/Users/boyso/git/saniccpu/vivado/vivado.srcs/sources_1/new/control_unit.sv:140]
Completed static elaboration
Starting simulation data flow analysis
Completed simulation data flow analysis
Time Resolution for simulation is 1ps
Compiling module xil_defaultlib.protected_reg32
Compiling module xil_defaultlib.protected_reg24
Compiling module xil_defaultlib.Cycle_counter
Compiling module xil_defaultlib.control_unit
Compiling module xil_defaultlib.RAM
Compiling module xil_defaultlib.adder_1
Compiling module xil_defaultlib.adder_32_default
Compiling module xil_defaultlib.multiplier_32
Compiling module xil_defaultlib.divider_32
Compiling module xil_defaultlib.ShiftLeft
Compiling module xil_defaultlib.ShiftRight
Compiling module xil_defaultlib.ALU
Compiling module xil_defaultlib.register_file
Compiling module xil_defaultlib.processor_core
Compiling module xil_defaultlib.top_level
Compiling module xil_defaultlib.glbl
Built simulation snapshot top_level_behav
